<?xml version="1.0" encoding="UTF-8"?>
<!-- Generated by org.testng.reporters.JUnitReportReporter -->
<testsuite skipped="0" hostname="Legion5Pro" name="com.aditya.CalculatorTest" tests="1" failures="0" timestamp="2021-12-12T18:40:02 IST" time="0.000" errors="0">
  <testcase name="testAdd" time="0.000" classname="com.aditya.CalculatorTest"/>
  <system-out/>
</testsuite> <!-- com.aditya.CalculatorTest -->
